<?xml version="1.0" encoding="UTF-8"?>
<testng-results ignored="0" total="1" passed="1" failed="0" skipped="0">
  <reporter-output>
  </reporter-output>
  <suite started-at="2022-11-11T12:37:02 IST" name="Suite" finished-at="2022-11-11T12:37:22 IST" duration-ms="19835">
    <groups>
    </groups>
    <test started-at="2022-11-11T12:37:02 IST" name="Test" finished-at="2022-11-11T12:37:22 IST" duration-ms="19835">
      <class name="Testcases.LoginTest">
        <test-method is-config="true" signature="setup()[pri:0, instance:Testcases.LoginTest@6404f418]" started-at="2022-11-11T12:37:02 IST" name="setup" finished-at="2022-11-11T12:37:07 IST" duration-ms="4554" status="PASS">
          <reporter-output>
          </reporter-output>
        </test-method> <!-- setup -->
        <test-method signature="Verifylogin()[pri:0, instance:Testcases.LoginTest@6404f418]" started-at="2022-11-11T12:37:07 IST" name="Verifylogin" finished-at="2022-11-11T12:37:22 IST" duration-ms="14997" status="PASS">
          <reporter-output>
          </reporter-output>
        </test-method> <!-- Verifylogin -->
        <test-method is-config="true" signature="teardown()[pri:0, instance:Testcases.LoginTest@6404f418]" started-at="2022-11-11T12:37:22 IST" name="teardown" finished-at="2022-11-11T12:37:22 IST" duration-ms="173" status="PASS">
          <reporter-output>
          </reporter-output>
        </test-method> <!-- teardown -->
      </class> <!-- Testcases.LoginTest -->
    </test> <!-- Test -->
  </suite> <!-- Suite -->
</testng-results>
